2014-11-14 09:11:39.832+0000 INFO  [o.n.s.CommunityNeoServer]: Setting startup timeout to: 120000ms based on -1
2014-11-14 09:11:40.016+0000 INFO  [o.n.k.InternalAbstractGraphDatabase]: No locking implementation specified, defaulting to 'community'
2014-11-14 09:11:40.084+0000 INFO  [o.n.k.i.DiagnosticsManager]: --- INITIALIZED diagnostics START ---
2014-11-14 09:11:40.085+0000 INFO  [o.n.k.i.DiagnosticsManager]: Neo4j Kernel properties:
2014-11-14 09:11:40.102+0000 INFO  [o.n.k.i.DiagnosticsManager]: neostore.propertystore.db.mapped_memory=123M
2014-11-14 09:11:40.102+0000 INFO  [o.n.k.i.DiagnosticsManager]: neostore.nodestore.db.mapped_memory=34M
2014-11-14 09:11:40.102+0000 INFO  [o.n.k.i.DiagnosticsManager]: neostore.relationshipstore.db.mapped_memory=151M
2014-11-14 09:11:40.102+0000 INFO  [o.n.k.i.DiagnosticsManager]: neostore.propertystore.db.strings.mapped_memory=104M
2014-11-14 09:11:40.102+0000 INFO  [o.n.k.i.DiagnosticsManager]: store_dir=/home/avoss/dev/v2_neo4j_cartridge/usr/lib/neo4j-community-2.1.5/data/graph.db
2014-11-14 09:11:40.102+0000 INFO  [o.n.k.i.DiagnosticsManager]: neostore.propertystore.db.arrays.mapped_memory=119M
2014-11-14 09:11:40.102+0000 INFO  [o.n.k.i.DiagnosticsManager]: remote_shell_enabled=true
2014-11-14 09:11:40.103+0000 INFO  [o.n.k.i.DiagnosticsManager]: Diagnostics providers:
2014-11-14 09:11:40.103+0000 INFO  [o.n.k.i.DiagnosticsManager]: org.neo4j.kernel.configuration.Config
2014-11-14 09:11:40.103+0000 INFO  [o.n.k.i.DiagnosticsManager]: org.neo4j.kernel.info.DiagnosticsManager
2014-11-14 09:11:40.103+0000 INFO  [o.n.k.i.DiagnosticsManager]: SYSTEM_MEMORY
2014-11-14 09:11:40.103+0000 INFO  [o.n.k.i.DiagnosticsManager]: JAVA_MEMORY
2014-11-14 09:11:40.103+0000 INFO  [o.n.k.i.DiagnosticsManager]: OPERATING_SYSTEM
2014-11-14 09:11:40.103+0000 INFO  [o.n.k.i.DiagnosticsManager]: JAVA_VIRTUAL_MACHINE
2014-11-14 09:11:40.103+0000 INFO  [o.n.k.i.DiagnosticsManager]: CLASSPATH
2014-11-14 09:11:40.104+0000 INFO  [o.n.k.i.DiagnosticsManager]: LIBRARY_PATH
2014-11-14 09:11:40.104+0000 INFO  [o.n.k.i.DiagnosticsManager]: SYSTEM_PROPERTIES
2014-11-14 09:11:40.104+0000 INFO  [o.n.k.i.DiagnosticsManager]: LINUX_SCHEDULERS
2014-11-14 09:11:40.104+0000 INFO  [o.n.k.i.DiagnosticsManager]: NETWORK
2014-11-14 09:11:40.104+0000 INFO  [o.n.k.i.DiagnosticsManager]: System memory information:
2014-11-14 09:11:40.110+0000 INFO  [o.n.k.i.DiagnosticsManager]: Total Physical memory: 1.80 GB
2014-11-14 09:11:40.110+0000 INFO  [o.n.k.i.DiagnosticsManager]: Free Physical memory: 63.15 MB
2014-11-14 09:11:40.110+0000 INFO  [o.n.k.i.DiagnosticsManager]: Committed virtual memory: 1.61 GB
2014-11-14 09:11:40.111+0000 INFO  [o.n.k.i.DiagnosticsManager]: Total swap space: 1.21 GB
2014-11-14 09:11:40.111+0000 INFO  [o.n.k.i.DiagnosticsManager]: Free swap space: 1.21 GB
2014-11-14 09:11:40.112+0000 INFO  [o.n.k.i.DiagnosticsManager]: JVM memory information:
2014-11-14 09:11:40.112+0000 INFO  [o.n.k.i.DiagnosticsManager]: Free  memory: 17.81 MB
2014-11-14 09:11:40.112+0000 INFO  [o.n.k.i.DiagnosticsManager]: Total memory: 27.88 MB
2014-11-14 09:11:40.112+0000 INFO  [o.n.k.i.DiagnosticsManager]: Max   memory: 657.69 MB
2014-11-14 09:11:40.118+0000 INFO  [o.n.k.i.DiagnosticsManager]: Garbage Collector: Copy: [Eden Space, Survivor Space]
2014-11-14 09:11:40.118+0000 INFO  [o.n.k.i.DiagnosticsManager]: Garbage Collector: ConcurrentMarkSweep: [Eden Space, Survivor Space, CMS Old Gen, CMS Perm Gen]
2014-11-14 09:11:40.119+0000 INFO  [o.n.k.i.DiagnosticsManager]: Memory Pool: Code Cache (Non-heap memory): committed=2.44 MB, used=691.19 kB, max=48.00 MB, threshold=0.00 B
2014-11-14 09:11:40.120+0000 INFO  [o.n.k.i.DiagnosticsManager]: Memory Pool: Eden Space (Heap memory): committed=7.69 MB, used=5.81 MB, max=66.56 MB, threshold=?
2014-11-14 09:11:40.120+0000 INFO  [o.n.k.i.DiagnosticsManager]: Memory Pool: Survivor Space (Heap memory): committed=960.00 kB, used=960.00 kB, max=8.31 MB, threshold=?
2014-11-14 09:11:40.121+0000 INFO  [o.n.k.i.DiagnosticsManager]: Memory Pool: CMS Old Gen (Heap memory): committed=19.25 MB, used=3.47 MB, max=582.81 MB, threshold=0.00 B
2014-11-14 09:11:40.122+0000 INFO  [o.n.k.i.DiagnosticsManager]: Memory Pool: CMS Perm Gen (Non-heap memory): committed=20.75 MB, used=13.35 MB, max=166.00 MB, threshold=0.00 B
2014-11-14 09:11:40.122+0000 INFO  [o.n.k.i.DiagnosticsManager]: Operating system information:
2014-11-14 09:11:40.122+0000 INFO  [o.n.k.i.DiagnosticsManager]: Operating System: Linux; version: 3.10.0-123.8.1.el7.x86_64; arch: amd64; cpus: 1
2014-11-14 09:11:40.122+0000 INFO  [o.n.k.i.DiagnosticsManager]: Max number of file descriptors: 4096
2014-11-14 09:11:40.122+0000 INFO  [o.n.k.i.DiagnosticsManager]: Number of open file descriptors: 73
2014-11-14 09:11:40.122+0000 INFO  [o.n.k.i.DiagnosticsManager]: Process id: 7226@centosvirtual
2014-11-14 09:11:40.123+0000 INFO  [o.n.k.i.DiagnosticsManager]: Byte order: LITTLE_ENDIAN
2014-11-14 09:11:40.123+0000 INFO  [o.n.k.i.DiagnosticsManager]: Local timezone: America/Vancouver
2014-11-14 09:11:40.123+0000 INFO  [o.n.k.i.DiagnosticsManager]: JVM information:
2014-11-14 09:11:40.123+0000 INFO  [o.n.k.i.DiagnosticsManager]: VM Name: OpenJDK 64-Bit Server VM
2014-11-14 09:11:40.123+0000 INFO  [o.n.k.i.DiagnosticsManager]: VM Vendor: Oracle Corporation
2014-11-14 09:11:40.123+0000 INFO  [o.n.k.i.DiagnosticsManager]: VM Version: 24.65-b04
2014-11-14 09:11:40.124+0000 INFO  [o.n.k.i.DiagnosticsManager]: JIT compiler: HotSpot 64-Bit Tiered Compilers
2014-11-14 09:11:40.125+0000 INFO  [o.n.k.i.DiagnosticsManager]: VM Arguments: [-XX:+DisableExplicitGC, -Dorg.neo4j.server.properties=conf/neo4j-server.properties, -Djava.util.logging.config.file=conf/logging.properties, -Dlog4j.configuration=file:conf/log4j.properties, -XX:+UseConcMarkSweepGC, -XX:+CMSClassUnloadingEnabled, -Dneo4j.home=/home/avoss/dev/v2_neo4j_cartridge/usr/lib/neo4j, -Dneo4j.instance=/home/avoss/dev/v2_neo4j_cartridge/usr/lib/neo4j, -Dfile.encoding=UTF-8]
2014-11-14 09:11:40.125+0000 INFO  [o.n.k.i.DiagnosticsManager]: Java classpath:
2014-11-14 09:11:40.128+0000 INFO  [o.n.k.i.DiagnosticsManager]:  [classpath + loader.0] file:/home/avoss/dev/v2_neo4j_cartridge/usr/lib/neo4j-community-2.1.5/system/lib/neo4j-server-2.1.5-static-web.jar
2014-11-14 09:11:40.128+0000 INFO  [o.n.k.i.DiagnosticsManager]:  [classpath + loader.0] file:/home/avoss/dev/v2_neo4j_cartridge/usr/lib/neo4j-community-2.1.5/system/lib/rrd4j-2.0.7.jar
2014-11-14 09:11:40.128+0000 INFO  [o.n.k.i.DiagnosticsManager]:  [bootstrap] /usr/lib/jvm/java-1.7.0-openjdk-1.7.0.71-2.5.3.1.el7_0.x86_64/jre/lib/resources.jar
2014-11-14 09:11:40.128+0000 INFO  [o.n.k.i.DiagnosticsManager]:  [classpath + loader.0] file:/home/avoss/dev/v2_neo4j_cartridge/usr/lib/neo4j-community-2.1.5/lib/neo4j-cypher-compiler-2.1-2.1.5.jar
2014-11-14 09:11:40.128+0000 INFO  [o.n.k.i.DiagnosticsManager]:  [classpath + loader.0] file:/home/avoss/dev/v2_neo4j_cartridge/usr/lib/neo4j-community-2.1.5/lib/org.apache.servicemix.bundles.jline-0.9.94_1.jar
2014-11-14 09:11:40.128+0000 INFO  [o.n.k.i.DiagnosticsManager]:  [classpath + loader.0] file:/home/avoss/dev/v2_neo4j_cartridge/usr/lib/neo4j-community-2.1.5/system/lib/mimepull-1.6.jar
2014-11-14 09:11:40.128+0000 INFO  [o.n.k.i.DiagnosticsManager]:  [classpath + loader.0] file:/home/avoss/dev/v2_neo4j_cartridge/usr/lib/neo4j-community-2.1.5/system/lib/jetty-webapp-9.0.5.v20130815.jar
2014-11-14 09:11:40.128+0000 INFO  [o.n.k.i.DiagnosticsManager]:  [classpath + loader.0] file:/home/avoss/dev/v2_neo4j_cartridge/usr/lib/neo4j-community-2.1.5/system/lib/commons-configuration-1.6.jar
2014-11-14 09:11:40.128+0000 INFO  [o.n.k.i.DiagnosticsManager]:  [classpath + loader.0] file:/home/avoss/dev/v2_neo4j_cartridge/usr/lib/neo4j-community-2.1.5/lib/neo4j-lucene-index-2.1.5.jar
2014-11-14 09:11:40.128+0000 INFO  [o.n.k.i.DiagnosticsManager]:  [classpath + loader.0] file:/home/avoss/dev/v2_neo4j_cartridge/usr/lib/neo4j-community-2.1.5/system/lib/rhino-1.7R4.jar
2014-11-14 09:11:40.128+0000 INFO  [o.n.k.i.DiagnosticsManager]:  [classpath + loader.0] file:/home/avoss/dev/v2_neo4j_cartridge/usr/lib/neo4j-community-2.1.5/system/lib/jackson-mapper-asl-1.9.7.jar
2014-11-14 09:11:40.128+0000 INFO  [o.n.k.i.DiagnosticsManager]:  [classpath + loader.0] file:/home/avoss/dev/v2_neo4j_cartridge/usr/lib/neo4j-community-2.1.5/system/lib/logback-classic-1.1.2.jar
2014-11-14 09:11:40.128+0000 INFO  [o.n.k.i.DiagnosticsManager]:  [loader.1] file:/usr/lib/jvm/java-1.7.0-openjdk-1.7.0.71-2.5.3.1.el7_0.x86_64/jre/lib/ext/sunpkcs11.jar
2014-11-14 09:11:40.128+0000 INFO  [o.n.k.i.DiagnosticsManager]:  [classpath + loader.0] file:/home/avoss/dev/v2_neo4j_cartridge/usr/lib/neo4j-community-2.1.5/system/lib/jersey-multipart-1.9.jar
2014-11-14 09:11:40.128+0000 INFO  [o.n.k.i.DiagnosticsManager]:  [classpath + loader.0] file:/home/avoss/dev/v2_neo4j_cartridge/usr/lib/neo4j-community-2.1.5/lib/neo4j-shell-2.1.5.jar
2014-11-14 09:11:40.128+0000 INFO  [o.n.k.i.DiagnosticsManager]:  [classpath + loader.0] file:/home/avoss/dev/v2_neo4j_cartridge/usr/lib/neo4j-community-2.1.5/lib/neo4j-cypher-compiler-1.9-2.0.3.jar
2014-11-14 09:11:40.128+0000 INFO  [o.n.k.i.DiagnosticsManager]:  [classpath + loader.0] file:/home/avoss/dev/v2_neo4j_cartridge/usr/lib/neo4j-community-2.1.5/system/lib/neo4j-server-2.1.5.jar
2014-11-14 09:11:40.128+0000 INFO  [o.n.k.i.DiagnosticsManager]:  [classpath + loader.0] file:/home/avoss/dev/v2_neo4j_cartridge/usr/lib/neo4j-community-2.1.5/system/lib/slf4j-api-1.6.2.jar
2014-11-14 09:11:40.128+0000 INFO  [o.n.k.i.DiagnosticsManager]:  [bootstrap] /usr/lib/jvm/java-1.7.0-openjdk-1.7.0.71-2.5.3.1.el7_0.x86_64/jre/lib/rt.jar
2014-11-14 09:11:40.128+0000 INFO  [o.n.k.i.DiagnosticsManager]:  [classpath + loader.0] file:/home/avoss/dev/v2_neo4j_cartridge/usr/lib/neo4j-community-2.1.5/lib/neo4j-kernel-2.1.5.jar
2014-11-14 09:11:40.128+0000 INFO  [o.n.k.i.DiagnosticsManager]:  [classpath + loader.0] file:/home/avoss/dev/v2_neo4j_cartridge/usr/lib/neo4j-community-2.1.5/lib/neo4j-cypher-2.1.5.jar
2014-11-14 09:11:40.128+0000 INFO  [o.n.k.i.DiagnosticsManager]:  [loader.1] file:/usr/lib/jvm/java-1.7.0-openjdk-1.7.0.71-2.5.3.1.el7_0.x86_64/jre/lib/ext/dnsns.jar
2014-11-14 09:11:40.128+0000 INFO  [o.n.k.i.DiagnosticsManager]:  [classpath + loader.0] file:/home/avoss/dev/v2_neo4j_cartridge/usr/lib/neo4j-community-2.1.5/system/lib/jersey-server-1.9.jar
2014-11-14 09:11:40.128+0000 INFO  [o.n.k.i.DiagnosticsManager]:  [classpath + loader.0] file:/home/avoss/dev/v2_neo4j_cartridge/usr/lib/neo4j-community-2.1.5/lib/parboiled-core-1.1.6.jar
2014-11-14 09:11:40.128+0000 INFO  [o.n.k.i.DiagnosticsManager]:  [bootstrap] /usr/lib/jvm/java-1.7.0-openjdk-1.7.0.71-2.5.3.1.el7_0.x86_64/jre/lib/jsse.jar
2014-11-14 09:11:40.128+0000 INFO  [o.n.k.i.DiagnosticsManager]:  [classpath + loader.0] file:/home/avoss/dev/v2_neo4j_cartridge/usr/lib/neo4j-community-2.1.5/lib/neo4j-graph-algo-2.1.5.jar
2014-11-14 09:11:40.128+0000 INFO  [o.n.k.i.DiagnosticsManager]:  [classpath + loader.0] file:/home/avoss/dev/v2_neo4j_cartridge/usr/lib/neo4j-community-2.1.5/conf/
2014-11-14 09:11:40.128+0000 INFO  [o.n.k.i.DiagnosticsManager]:  [classpath + loader.0] file:/home/avoss/dev/v2_neo4j_cartridge/usr/lib/neo4j-community-2.1.5/system/lib/jetty-xml-9.0.5.v20130815.jar
2014-11-14 09:11:40.128+0000 INFO  [o.n.k.i.DiagnosticsManager]:  [classpath + loader.0] file:/home/avoss/dev/v2_neo4j_cartridge/usr/lib/neo4j-community-2.1.5/system/lib/neo4j-browser-2.1.5.jar
2014-11-14 09:11:40.128+0000 INFO  [o.n.k.i.DiagnosticsManager]:  [classpath + loader.0] file:/home/avoss/dev/v2_neo4j_cartridge/usr/lib/neo4j-community-2.1.5/system/lib/jersey-core-1.9.jar
2014-11-14 09:11:40.128+0000 INFO  [o.n.k.i.DiagnosticsManager]:  [classpath + loader.0] file:/home/avoss/dev/v2_neo4j_cartridge/usr/lib/neo4j-community-2.1.5/system/lib/logback-core-1.1.2.jar
2014-11-14 09:11:40.128+0000 INFO  [o.n.k.i.DiagnosticsManager]:  [classpath + loader.0] file:/home/avoss/dev/v2_neo4j_cartridge/usr/lib/neo4j-community-2.1.5/system/lib/logback-access-1.1.2.jar
2014-11-14 09:11:40.128+0000 INFO  [o.n.k.i.DiagnosticsManager]:  [classpath + loader.0] file:/home/avoss/dev/v2_neo4j_cartridge/usr/lib/neo4j-community-2.1.5/system/lib/jetty-io-9.0.5.v20130815.jar
2014-11-14 09:11:40.128+0000 INFO  [o.n.k.i.DiagnosticsManager]:  [classpath + loader.0] file:/home/avoss/dev/v2_neo4j_cartridge/usr/lib/neo4j-community-2.1.5/lib/neo4j-udc-2.1.5.jar
2014-11-14 09:11:40.128+0000 INFO  [o.n.k.i.DiagnosticsManager]:  [loader.1] file:/usr/lib/jvm/java-1.7.0-openjdk-1.7.0.71-2.5.3.1.el7_0.x86_64/jre/lib/ext/localedata.jar
2014-11-14 09:11:40.129+0000 INFO  [o.n.k.i.DiagnosticsManager]:  [loader.1] file:/usr/lib/jvm/java-1.7.0-openjdk-1.7.0.71-2.5.3.1.el7_0.x86_64/jre/lib/ext/pulse-java.jar
2014-11-14 09:11:40.129+0000 INFO  [o.n.k.i.DiagnosticsManager]:  [bootstrap] /usr/lib/jvm/java-1.7.0-openjdk-1.7.0.71-2.5.3.1.el7_0.x86_64/jre/lib/jfr.jar
2014-11-14 09:11:40.129+0000 INFO  [o.n.k.i.DiagnosticsManager]:  [classpath + loader.0] file:/home/avoss/dev/v2_neo4j_cartridge/usr/lib/neo4j-community-2.1.5/system/lib/commons-io-1.4.jar
2014-11-14 09:11:40.129+0000 INFO  [o.n.k.i.DiagnosticsManager]:  [classpath + loader.0] file:/home/avoss/dev/v2_neo4j_cartridge/usr/lib/neo4j-community-2.1.5/system/lib/asm-3.1.jar
2014-11-14 09:11:40.129+0000 INFO  [o.n.k.i.DiagnosticsManager]:  [classpath + loader.0] file:/home/avoss/dev/v2_neo4j_cartridge/usr/lib/neo4j-community-2.1.5/system/lib/jetty-http-9.0.5.v20130815.jar
2014-11-14 09:11:40.129+0000 INFO  [o.n.k.i.DiagnosticsManager]:  [classpath + loader.0] file:/home/avoss/dev/v2_neo4j_cartridge/usr/lib/neo4j-community-2.1.5/system/lib/javax.servlet-3.0.0.v201112011016.jar
2014-11-14 09:11:40.129+0000 INFO  [o.n.k.i.DiagnosticsManager]:  [classpath + loader.0] file:/home/avoss/dev/v2_neo4j_cartridge/usr/lib/neo4j-community-2.1.5/system/lib/bcprov-jdk16-140.jar
2014-11-14 09:11:40.129+0000 INFO  [o.n.k.i.DiagnosticsManager]:  [classpath + loader.0] file:/home/avoss/dev/v2_neo4j_cartridge/usr/lib/neo4j-community-2.1.5/lib/scala-library-2.10.4.jar
2014-11-14 09:11:40.129+0000 INFO  [o.n.k.i.DiagnosticsManager]:  [classpath + loader.0] file:/home/avoss/dev/v2_neo4j_cartridge/usr/lib/neo4j-community-2.1.5/lib/concurrentlinkedhashmap-lru-1.3.1.jar
2014-11-14 09:11:40.129+0000 INFO  [o.n.k.i.DiagnosticsManager]:  [bootstrap] /usr/lib/jvm/java-1.7.0-openjdk-1.7.0.71-2.5.3.1.el7_0.x86_64/jre/lib/sunrsasign.jar
2014-11-14 09:11:40.129+0000 INFO  [o.n.k.i.DiagnosticsManager]:  [classpath + loader.0] file:/home/avoss/dev/v2_neo4j_cartridge/usr/lib/neo4j-community-2.1.5/lib/parboiled-scala_2.10-1.1.6.jar
2014-11-14 09:11:40.129+0000 INFO  [o.n.k.i.DiagnosticsManager]:  [classpath + loader.0] file:/home/avoss/dev/v2_neo4j_cartridge/usr/lib/neo4j-community-2.1.5/lib/neo4j-cypher-compiler-2.0-2.0.3.jar
2014-11-14 09:11:40.129+0000 INFO  [o.n.k.i.DiagnosticsManager]:  [bootstrap] /usr/lib/jvm/java-1.7.0-openjdk-1.7.0.71-2.5.3.1.el7_0.x86_64/jre/lib/rhino.jar
2014-11-14 09:11:40.129+0000 INFO  [o.n.k.i.DiagnosticsManager]:  [classpath + loader.0] file:/home/avoss/dev/v2_neo4j_cartridge/usr/lib/neo4j-community-2.1.5/system/lib/jetty-servlet-9.0.5.v20130815.jar
2014-11-14 09:11:40.129+0000 INFO  [o.n.k.i.DiagnosticsManager]:  [classpath + loader.0] file:/home/avoss/dev/v2_neo4j_cartridge/usr/lib/neo4j-community-2.1.5/lib/server-api-2.1.5.jar
2014-11-14 09:11:40.129+0000 INFO  [o.n.k.i.DiagnosticsManager]:  [classpath + loader.0] file:/home/avoss/dev/v2_neo4j_cartridge/usr/lib/neo4j-community-2.1.5/lib/neo4j-jmx-2.1.5.jar
2014-11-14 09:11:40.130+0000 INFO  [o.n.k.i.DiagnosticsManager]:  [classpath + loader.0] file:/home/avoss/dev/v2_neo4j_cartridge/usr/lib/neo4j-community-2.1.5/system/lib/opencsv-2.0.jar
2014-11-14 09:11:40.130+0000 INFO  [o.n.k.i.DiagnosticsManager]:  [classpath + loader.0] file:/home/avoss/dev/v2_neo4j_cartridge/usr/lib/neo4j-community-2.1.5/lib/geronimo-jta_1.1_spec-1.1.1.jar
2014-11-14 09:11:40.130+0000 INFO  [o.n.k.i.DiagnosticsManager]:  [classpath + loader.0] file:/home/avoss/dev/v2_neo4j_cartridge/usr/lib/neo4j-community-2.1.5/system/lib/commons-digester-1.8.1.jar
2014-11-14 09:11:40.130+0000 INFO  [o.n.k.i.DiagnosticsManager]:  [loader.1] file:/usr/lib/jvm/java-1.7.0-openjdk-1.7.0.71-2.5.3.1.el7_0.x86_64/jre/lib/ext/zipfs.jar
2014-11-14 09:11:40.130+0000 INFO  [o.n.k.i.DiagnosticsManager]:  [classpath + loader.0] file:/home/avoss/dev/v2_neo4j_cartridge/usr/lib/neo4j-community-2.1.5/system/lib/janino-2.6.1.jar
2014-11-14 09:11:40.130+0000 INFO  [o.n.k.i.DiagnosticsManager]:  [bootstrap] /usr/lib/jvm/java-1.7.0-openjdk-1.7.0.71-2.5.3.1.el7_0.x86_64/jre/classes
2014-11-14 09:11:40.130+0000 INFO  [o.n.k.i.DiagnosticsManager]:  [bootstrap] /usr/lib/jvm/java-1.7.0-openjdk-1.7.0.71-2.5.3.1.el7_0.x86_64/jre/lib/charsets.jar
2014-11-14 09:11:40.130+0000 INFO  [o.n.k.i.DiagnosticsManager]:  [classpath + loader.0] file:/home/avoss/dev/v2_neo4j_cartridge/usr/lib/neo4j-community-2.1.5/system/lib/jetty-server-9.0.5.v20130815.jar
2014-11-14 09:11:40.130+0000 INFO  [o.n.k.i.DiagnosticsManager]:  [classpath + loader.0] file:/home/avoss/dev/v2_neo4j_cartridge/usr/lib/neo4j-community-2.1.5/system/lib/jackson-core-asl-1.9.7.jar
2014-11-14 09:11:40.130+0000 INFO  [o.n.k.i.DiagnosticsManager]:  [classpath + loader.0] file:/home/avoss/dev/v2_neo4j_cartridge/usr/lib/neo4j-community-2.1.5/system/lib/commons-beanutils-core-1.8.0.jar
2014-11-14 09:11:40.130+0000 INFO  [o.n.k.i.DiagnosticsManager]:  [classpath + loader.0] file:/home/avoss/dev/v2_neo4j_cartridge/usr/lib/neo4j-community-2.1.5/system/lib/commons-lang-2.4.jar
2014-11-14 09:11:40.130+0000 INFO  [o.n.k.i.DiagnosticsManager]:  [classpath + loader.0] file:/home/avoss/dev/v2_neo4j_cartridge/usr/lib/neo4j-community-2.1.5/system/lib/commons-beanutils-1.8.0.jar
2014-11-14 09:11:40.130+0000 INFO  [o.n.k.i.DiagnosticsManager]:  [classpath + loader.0] file:/home/avoss/dev/v2_neo4j_cartridge/usr/lib/neo4j-community-2.1.5/system/lib/jetty-util-9.0.5.v20130815.jar
2014-11-14 09:11:40.130+0000 INFO  [o.n.k.i.DiagnosticsManager]:  [classpath + loader.0] file:/home/avoss/dev/v2_neo4j_cartridge/usr/lib/neo4j-community-2.1.5/system/lib/jcl-over-slf4j-1.6.1.jar
2014-11-14 09:11:40.130+0000 INFO  [o.n.k.i.DiagnosticsManager]:  [classpath + loader.0] file:/home/avoss/dev/v2_neo4j_cartridge/usr/lib/neo4j-community-2.1.5/lib/lucene-core-3.6.2.jar
2014-11-14 09:11:40.130+0000 INFO  [o.n.k.i.DiagnosticsManager]:  [classpath + loader.0] file:/home/avoss/dev/v2_neo4j_cartridge/usr/lib/neo4j-community-2.1.5/lib/neo4j-graph-matching-2.1.5.jar
2014-11-14 09:11:40.130+0000 INFO  [o.n.k.i.DiagnosticsManager]:  [classpath + loader.0] file:/home/avoss/dev/v2_neo4j_cartridge/usr/lib/neo4j-community-2.1.5/lib/neo4j-cypher-commons-2.1.5.jar
2014-11-14 09:11:40.130+0000 INFO  [o.n.k.i.DiagnosticsManager]:  [classpath + loader.0] file:/home/avoss/dev/v2_neo4j_cartridge/usr/lib/neo4j-community-2.1.5/system/lib/commons-collections-3.2.1.jar
2014-11-14 09:11:40.130+0000 INFO  [o.n.k.i.DiagnosticsManager]:  [classpath + loader.0] file:/home/avoss/dev/v2_neo4j_cartridge/usr/lib/neo4j-community-2.1.5/lib/opencsv-2.0.jar
2014-11-14 09:11:40.130+0000 INFO  [o.n.k.i.DiagnosticsManager]:  [bootstrap] /usr/lib/jvm/java-1.7.0-openjdk-1.7.0.71-2.5.3.1.el7_0.x86_64/jre/lib/jce.jar
2014-11-14 09:11:40.130+0000 INFO  [o.n.k.i.DiagnosticsManager]:  [loader.1] file:/usr/lib/jvm/java-1.7.0-openjdk-1.7.0.71-2.5.3.1.el7_0.x86_64/jre/lib/ext/sunjce_provider.jar
2014-11-14 09:11:40.130+0000 INFO  [o.n.k.i.DiagnosticsManager]:  [classpath + loader.0] file:/home/avoss/dev/v2_neo4j_cartridge/usr/lib/neo4j-community-2.1.5/system/lib/commons-compiler-2.6.1.jar
2014-11-14 09:11:40.130+0000 INFO  [o.n.k.i.DiagnosticsManager]:  [classpath + loader.0] file:/home/avoss/dev/v2_neo4j_cartridge/usr/lib/neo4j-community-2.1.5/system/lib/jsr311-api-1.1.2.r612.jar
2014-11-14 09:11:40.130+0000 INFO  [o.n.k.i.DiagnosticsManager]:  [classpath + loader.0] file:/home/avoss/dev/v2_neo4j_cartridge/usr/lib/neo4j-community-2.1.5/system/lib/jetty-security-9.0.5.v20130815.jar
2014-11-14 09:11:40.130+0000 INFO  [o.n.k.i.DiagnosticsManager]:  [classpath + loader.0] file:/home/avoss/dev/v2_neo4j_cartridge/usr/lib/neo4j-community-2.1.5/system/lib/jackson-jaxrs-1.9.7.jar
2014-11-14 09:11:40.130+0000 INFO  [o.n.k.i.DiagnosticsManager]:  [classpath + loader.0] file:/home/avoss/dev/v2_neo4j_cartridge/usr/lib/neo4j-community-2.1.5/system/lib/commons-logging-1.1.1.jar
2014-11-14 09:11:40.130+0000 INFO  [o.n.k.i.DiagnosticsManager]:  [classpath + loader.0] file:/home/avoss/dev/v2_neo4j_cartridge/usr/lib/neo4j-community-2.1.5/lib/neo4j-primitive-collections-2.1.5.jar
2014-11-14 09:11:40.130+0000 INFO  [o.n.k.i.DiagnosticsManager]: Library path:
2014-11-14 09:11:40.131+0000 INFO  [o.n.k.i.DiagnosticsManager]: /usr/java/packages/lib/amd64
2014-11-14 09:11:40.131+0000 INFO  [o.n.k.i.DiagnosticsManager]: /usr/lib64
2014-11-14 09:11:40.131+0000 INFO  [o.n.k.i.DiagnosticsManager]: /usr/lib64
2014-11-14 09:11:40.131+0000 INFO  [o.n.k.i.DiagnosticsManager]: /usr/lib
2014-11-14 09:11:40.131+0000 INFO  [o.n.k.i.DiagnosticsManager]: /usr/lib
2014-11-14 09:11:40.131+0000 INFO  [o.n.k.i.DiagnosticsManager]: System.properties:
2014-11-14 09:11:40.131+0000 INFO  [o.n.k.i.DiagnosticsManager]: sun.boot.library.path = /usr/lib/jvm/java-1.7.0-openjdk-1.7.0.71-2.5.3.1.el7_0.x86_64/jre/lib/amd64
2014-11-14 09:11:40.131+0000 INFO  [o.n.k.i.DiagnosticsManager]: org.neo4j.server.properties = conf/neo4j-server.properties
2014-11-14 09:11:40.131+0000 INFO  [o.n.k.i.DiagnosticsManager]: path.separator = :
2014-11-14 09:11:40.131+0000 INFO  [o.n.k.i.DiagnosticsManager]: file.encoding.pkg = sun.io
2014-11-14 09:11:40.131+0000 INFO  [o.n.k.i.DiagnosticsManager]: user.country = US
2014-11-14 09:11:40.131+0000 INFO  [o.n.k.i.DiagnosticsManager]: sun.java.launcher = SUN_STANDARD
2014-11-14 09:11:40.131+0000 INFO  [o.n.k.i.DiagnosticsManager]: sun.os.patch.level = unknown
2014-11-14 09:11:40.131+0000 INFO  [o.n.k.i.DiagnosticsManager]: user.dir = /home/avoss/dev/v2_neo4j_cartridge/usr/lib/neo4j-community-2.1.5
2014-11-14 09:11:40.131+0000 INFO  [o.n.k.i.DiagnosticsManager]: log4j.configuration = file:conf/log4j.properties
2014-11-14 09:11:40.131+0000 INFO  [o.n.k.i.DiagnosticsManager]: sun.jnu.encoding = UTF-8
2014-11-14 09:11:40.131+0000 INFO  [o.n.k.i.DiagnosticsManager]: sun.management.compiler = HotSpot 64-Bit Tiered Compilers
2014-11-14 09:11:40.131+0000 INFO  [o.n.k.i.DiagnosticsManager]: user.home = /home/avoss
2014-11-14 09:11:40.131+0000 INFO  [o.n.k.i.DiagnosticsManager]: user.timezone = America/Vancouver
2014-11-14 09:11:40.132+0000 INFO  [o.n.k.i.DiagnosticsManager]: file.encoding = UTF-8
2014-11-14 09:11:40.132+0000 INFO  [o.n.k.i.DiagnosticsManager]: user.name = avoss
2014-11-14 09:11:40.132+0000 INFO  [o.n.k.i.DiagnosticsManager]: sun.java.command = org.neo4j.server.Bootstrapper
2014-11-14 09:11:40.132+0000 INFO  [o.n.k.i.DiagnosticsManager]: sun.arch.data.model = 64
2014-11-14 09:11:40.132+0000 INFO  [o.n.k.i.DiagnosticsManager]: user.language = en
2014-11-14 09:11:40.132+0000 INFO  [o.n.k.i.DiagnosticsManager]: awt.toolkit = sun.awt.X11.XToolkit
2014-11-14 09:11:40.132+0000 INFO  [o.n.k.i.DiagnosticsManager]: file.separator = /
2014-11-14 09:11:40.132+0000 INFO  [o.n.k.i.DiagnosticsManager]: sun.io.unicode.encoding = UnicodeLittle
2014-11-14 09:11:40.132+0000 INFO  [o.n.k.i.DiagnosticsManager]: sun.cpu.endian = little
2014-11-14 09:11:40.132+0000 INFO  [o.n.k.i.DiagnosticsManager]: neo4j.instance = /home/avoss/dev/v2_neo4j_cartridge/usr/lib/neo4j
2014-11-14 09:11:40.132+0000 INFO  [o.n.k.i.DiagnosticsManager]: sun.desktop = gnome
2014-11-14 09:11:40.132+0000 INFO  [o.n.k.i.DiagnosticsManager]: neo4j.home = /home/avoss/dev/v2_neo4j_cartridge/usr/lib/neo4j
2014-11-14 09:11:40.132+0000 INFO  [o.n.k.i.DiagnosticsManager]: sun.cpu.isalist = 
2014-11-14 09:11:40.132+0000 INFO  [o.n.k.i.DiagnosticsManager]: Linux scheduler information:
2014-11-14 09:11:40.133+0000 INFO  [o.n.k.i.DiagnosticsManager]: noop deadline [cfq] 
2014-11-14 09:11:40.133+0000 INFO  [o.n.k.i.DiagnosticsManager]: noop deadline [cfq] 
2014-11-14 09:11:40.134+0000 INFO  [o.n.k.i.DiagnosticsManager]: none
2014-11-14 09:11:40.134+0000 INFO  [o.n.k.i.DiagnosticsManager]: none
2014-11-14 09:11:40.134+0000 INFO  [o.n.k.i.DiagnosticsManager]: none
2014-11-14 09:11:40.136+0000 INFO  [o.n.k.i.DiagnosticsManager]: none
2014-11-14 09:11:40.136+0000 INFO  [o.n.k.i.DiagnosticsManager]: none
2014-11-14 09:11:40.136+0000 INFO  [o.n.k.i.DiagnosticsManager]: Network information:
2014-11-14 09:11:40.142+0000 INFO  [o.n.k.i.DiagnosticsManager]: Interface virbr0:
2014-11-14 09:11:40.142+0000 INFO  [o.n.k.i.DiagnosticsManager]:     address: fe80:0:0:0:5054:ff:fecb:32e5%4
2014-11-14 09:11:40.142+0000 INFO  [o.n.k.i.DiagnosticsManager]:     address: 192.168.122.1
2014-11-14 09:11:40.142+0000 INFO  [o.n.k.i.DiagnosticsManager]: Interface docker0:
2014-11-14 09:11:40.142+0000 INFO  [o.n.k.i.DiagnosticsManager]:     address: 172.17.42.1
2014-11-14 09:11:40.143+0000 INFO  [o.n.k.i.DiagnosticsManager]: Interface enp0s3:
2014-11-14 09:11:40.143+0000 INFO  [o.n.k.i.DiagnosticsManager]:     address: fe80:0:0:0:a00:27ff:fef3:b6c8%2
2014-11-14 09:11:40.143+0000 INFO  [o.n.k.i.DiagnosticsManager]:     address: 10.0.2.15
2014-11-14 09:11:40.143+0000 INFO  [o.n.k.i.DiagnosticsManager]: Interface lo:
2014-11-14 09:11:40.143+0000 INFO  [o.n.k.i.DiagnosticsManager]:     address: 0:0:0:0:0:0:0:1%1
2014-11-14 09:11:40.143+0000 INFO  [o.n.k.i.DiagnosticsManager]:     address: 127.0.0.1
2014-11-14 09:11:40.143+0000 INFO  [o.n.k.i.DiagnosticsManager]: --- INITIALIZED diagnostics END ---
2014-11-14 09:11:40.368+0000 INFO  [o.n.k.i.n.s.StoreFactory]: Creating new db @ /home/avoss/dev/v2_neo4j_cartridge/usr/lib/neo4j-community-2.1.5/data/graph.db/neostore
2014-11-14 09:11:40.425+0000 INFO  [o.n.k.i.n.s.StoreFactory]: [/home/avoss/dev/v2_neo4j_cartridge/usr/lib/neo4j-community-2.1.5/data/graph.db/neostore.relationshiptypestore.db.names] brickCount=0 brickSize=0b mappedMem=0b (storeSize=38b)
2014-11-14 09:11:40.426+0000 INFO  [o.n.k.i.n.s.StoreFactory]: [/home/avoss/dev/v2_neo4j_cartridge/usr/lib/neo4j-community-2.1.5/data/graph.db/neostore.relationshiptypestore.db] brickCount=0 brickSize=0b mappedMem=0b (storeSize=0b)
2014-11-14 09:11:40.428+0000 INFO  [o.n.k.i.n.s.StoreFactory]: /home/avoss/dev/v2_neo4j_cartridge/usr/lib/neo4j-community-2.1.5/data/graph.db/neostore.relationshiptypestore.db.names hit=0 miss=0 switches=0 ooe=0
2014-11-14 09:11:40.434+0000 INFO  [o.n.k.i.n.s.StoreFactory]: /home/avoss/dev/v2_neo4j_cartridge/usr/lib/neo4j-community-2.1.5/data/graph.db/neostore.relationshiptypestore.db hit=0 miss=0 switches=0 ooe=0
2014-11-14 09:11:40.444+0000 INFO  [o.n.k.i.n.s.StoreFactory]: [/home/avoss/dev/v2_neo4j_cartridge/usr/lib/neo4j-community-2.1.5/data/graph.db/neostore.labeltokenstore.db.names] brickCount=0 brickSize=0b mappedMem=0b (storeSize=38b)
2014-11-14 09:11:40.445+0000 INFO  [o.n.k.i.n.s.StoreFactory]: [/home/avoss/dev/v2_neo4j_cartridge/usr/lib/neo4j-community-2.1.5/data/graph.db/neostore.labeltokenstore.db] brickCount=0 brickSize=0b mappedMem=0b (storeSize=0b)
2014-11-14 09:11:40.448+0000 INFO  [o.n.k.i.n.s.StoreFactory]: /home/avoss/dev/v2_neo4j_cartridge/usr/lib/neo4j-community-2.1.5/data/graph.db/neostore.labeltokenstore.db.names hit=0 miss=0 switches=0 ooe=0
2014-11-14 09:11:40.453+0000 INFO  [o.n.k.i.n.s.StoreFactory]: /home/avoss/dev/v2_neo4j_cartridge/usr/lib/neo4j-community-2.1.5/data/graph.db/neostore.labeltokenstore.db hit=0 miss=0 switches=0 ooe=0
2014-11-14 09:11:40.467+0000 INFO  [o.n.k.i.n.s.StoreFactory]: [/home/avoss/dev/v2_neo4j_cartridge/usr/lib/neo4j-community-2.1.5/data/graph.db/neostore.relationshiptypestore.db.names] brickCount=0 brickSize=0b mappedMem=0b (storeSize=38b)
2014-11-14 09:11:40.468+0000 INFO  [o.n.k.i.n.s.StoreFactory]: [/home/avoss/dev/v2_neo4j_cartridge/usr/lib/neo4j-community-2.1.5/data/graph.db/neostore.relationshiptypestore.db] brickCount=0 brickSize=0b mappedMem=0b (storeSize=0b)
2014-11-14 09:11:40.468+0000 INFO  [o.n.k.i.n.s.StoreFactory]: [/home/avoss/dev/v2_neo4j_cartridge/usr/lib/neo4j-community-2.1.5/data/graph.db/neostore.labeltokenstore.db.names] brickCount=0 brickSize=0b mappedMem=0b (storeSize=38b)
2014-11-14 09:11:40.468+0000 INFO  [o.n.k.i.n.s.StoreFactory]: [/home/avoss/dev/v2_neo4j_cartridge/usr/lib/neo4j-community-2.1.5/data/graph.db/neostore.labeltokenstore.db] brickCount=0 brickSize=0b mappedMem=0b (storeSize=0b)
2014-11-14 09:11:40.469+0000 INFO  [o.n.k.i.n.s.StoreFactory]: [/home/avoss/dev/v2_neo4j_cartridge/usr/lib/neo4j-community-2.1.5/data/graph.db/neostore.propertystore.db.strings] brickCount=0 brickSize=108928b mappedMem=109051904b (storeSize=128b)
2014-11-14 09:11:40.469+0000 INFO  [o.n.k.i.n.s.StoreFactory]: [/home/avoss/dev/v2_neo4j_cartridge/usr/lib/neo4j-community-2.1.5/data/graph.db/neostore.propertystore.db.index.keys] brickCount=0 brickSize=0b mappedMem=0b (storeSize=38b)
2014-11-14 09:11:40.470+0000 INFO  [o.n.k.i.n.s.StoreFactory]: [/home/avoss/dev/v2_neo4j_cartridge/usr/lib/neo4j-community-2.1.5/data/graph.db/neostore.propertystore.db.index] brickCount=0 brickSize=0b mappedMem=0b (storeSize=0b)
2014-11-14 09:11:40.470+0000 INFO  [o.n.k.i.n.s.StoreFactory]: [/home/avoss/dev/v2_neo4j_cartridge/usr/lib/neo4j-community-2.1.5/data/graph.db/neostore.propertystore.db.arrays] brickCount=0 brickSize=124672b mappedMem=124780544b (storeSize=128b)
2014-11-14 09:11:40.473+0000 INFO  [o.n.k.i.n.s.StoreFactory]: [/home/avoss/dev/v2_neo4j_cartridge/usr/lib/neo4j-community-2.1.5/data/graph.db/neostore.propertystore.db] brickCount=0 brickSize=1289737b mappedMem=128974848b (storeSize=0b)
2014-11-14 09:11:40.475+0000 INFO  [o.n.k.i.n.s.StoreFactory]: [/home/avoss/dev/v2_neo4j_cartridge/usr/lib/neo4j-community-2.1.5/data/graph.db/neostore.relationshipstore.db] brickCount=0 brickSize=1583346b mappedMem=158334976b (storeSize=0b)
2014-11-14 09:11:40.475+0000 INFO  [o.n.k.i.n.s.StoreFactory]: [/home/avoss/dev/v2_neo4j_cartridge/usr/lib/neo4j-community-2.1.5/data/graph.db/neostore.nodestore.db.labels] brickCount=0 brickSize=0b mappedMem=0b (storeSize=68b)
2014-11-14 09:11:40.478+0000 INFO  [o.n.k.i.n.s.StoreFactory]: [/home/avoss/dev/v2_neo4j_cartridge/usr/lib/neo4j-community-2.1.5/data/graph.db/neostore.nodestore.db] brickCount=0 brickSize=356505b mappedMem=35651584b (storeSize=0b)
2014-11-14 09:11:40.478+0000 INFO  [o.n.k.i.n.s.StoreFactory]: [/home/avoss/dev/v2_neo4j_cartridge/usr/lib/neo4j-community-2.1.5/data/graph.db/neostore.schemastore.db] brickCount=0 brickSize=0b mappedMem=0b (storeSize=64b)
2014-11-14 09:11:40.479+0000 INFO  [o.n.k.i.n.s.StoreFactory]: [/home/avoss/dev/v2_neo4j_cartridge/usr/lib/neo4j-community-2.1.5/data/graph.db/neostore.relationshipgroupstore.db] brickCount=0 brickSize=0b mappedMem=0b (storeSize=25b)
2014-11-14 09:11:40.480+0000 INFO  [o.n.k.i.n.s.StoreFactory]: [/home/avoss/dev/v2_neo4j_cartridge/usr/lib/neo4j-community-2.1.5/data/graph.db/neostore] brickCount=0 brickSize=0b mappedMem=0b (storeSize=0b)
2014-11-14 09:11:40.490+0000 INFO  [o.n.k.i.n.s.StoreFactory]: /home/avoss/dev/v2_neo4j_cartridge/usr/lib/neo4j-community-2.1.5/data/graph.db/neostore.relationshiptypestore.db.names hit=0 miss=0 switches=0 ooe=0
2014-11-14 09:11:40.542+0000 INFO  [o.n.k.i.n.s.StoreFactory]: /home/avoss/dev/v2_neo4j_cartridge/usr/lib/neo4j-community-2.1.5/data/graph.db/neostore.relationshiptypestore.db hit=0 miss=0 switches=0 ooe=0
2014-11-14 09:11:40.554+0000 INFO  [o.n.k.i.n.s.StoreFactory]: /home/avoss/dev/v2_neo4j_cartridge/usr/lib/neo4j-community-2.1.5/data/graph.db/neostore.labeltokenstore.db.names hit=0 miss=0 switches=0 ooe=0
2014-11-14 09:11:40.558+0000 INFO  [o.n.k.i.n.s.StoreFactory]: /home/avoss/dev/v2_neo4j_cartridge/usr/lib/neo4j-community-2.1.5/data/graph.db/neostore.labeltokenstore.db hit=0 miss=0 switches=0 ooe=0
2014-11-14 09:11:40.563+0000 INFO  [o.n.k.i.n.s.StoreFactory]: /home/avoss/dev/v2_neo4j_cartridge/usr/lib/neo4j-community-2.1.5/data/graph.db/neostore.propertystore.db.strings hit=0 miss=0 switches=0 ooe=0
2014-11-14 09:11:40.567+0000 INFO  [o.n.k.i.n.s.StoreFactory]: /home/avoss/dev/v2_neo4j_cartridge/usr/lib/neo4j-community-2.1.5/data/graph.db/neostore.propertystore.db.index.keys hit=0 miss=0 switches=0 ooe=0
2014-11-14 09:11:40.570+0000 INFO  [o.n.k.i.n.s.StoreFactory]: /home/avoss/dev/v2_neo4j_cartridge/usr/lib/neo4j-community-2.1.5/data/graph.db/neostore.propertystore.db.index hit=0 miss=0 switches=0 ooe=0
2014-11-14 09:11:40.574+0000 INFO  [o.n.k.i.n.s.StoreFactory]: /home/avoss/dev/v2_neo4j_cartridge/usr/lib/neo4j-community-2.1.5/data/graph.db/neostore.propertystore.db.arrays hit=0 miss=0 switches=0 ooe=0
2014-11-14 09:11:40.578+0000 INFO  [o.n.k.i.n.s.StoreFactory]: /home/avoss/dev/v2_neo4j_cartridge/usr/lib/neo4j-community-2.1.5/data/graph.db/neostore.propertystore.db hit=0 miss=0 switches=0 ooe=0
2014-11-14 09:11:40.590+0000 INFO  [o.n.k.i.n.s.StoreFactory]: /home/avoss/dev/v2_neo4j_cartridge/usr/lib/neo4j-community-2.1.5/data/graph.db/neostore.relationshipstore.db hit=0 miss=0 switches=0 ooe=0
2014-11-14 09:11:40.594+0000 INFO  [o.n.k.i.n.s.StoreFactory]: /home/avoss/dev/v2_neo4j_cartridge/usr/lib/neo4j-community-2.1.5/data/graph.db/neostore.nodestore.db.labels hit=0 miss=0 switches=0 ooe=0
2014-11-14 09:11:40.597+0000 INFO  [o.n.k.i.n.s.StoreFactory]: /home/avoss/dev/v2_neo4j_cartridge/usr/lib/neo4j-community-2.1.5/data/graph.db/neostore.nodestore.db hit=0 miss=0 switches=0 ooe=0
2014-11-14 09:11:40.601+0000 INFO  [o.n.k.i.n.s.StoreFactory]: /home/avoss/dev/v2_neo4j_cartridge/usr/lib/neo4j-community-2.1.5/data/graph.db/neostore.schemastore.db hit=0 miss=0 switches=0 ooe=0
2014-11-14 09:11:40.604+0000 INFO  [o.n.k.i.n.s.StoreFactory]: /home/avoss/dev/v2_neo4j_cartridge/usr/lib/neo4j-community-2.1.5/data/graph.db/neostore.relationshipgroupstore.db hit=0 miss=0 switches=0 ooe=0
2014-11-14 09:11:40.608+0000 INFO  [o.n.k.i.n.s.StoreFactory]: /home/avoss/dev/v2_neo4j_cartridge/usr/lib/neo4j-community-2.1.5/data/graph.db/neostore hit=0 miss=10 switches=0 ooe=0
2014-11-14 09:11:40.624+0000 INFO  [o.n.k.i.n.s.StoreFactory]: [/home/avoss/dev/v2_neo4j_cartridge/usr/lib/neo4j-community-2.1.5/data/graph.db/neostore.relationshiptypestore.db.names] brickCount=0 brickSize=0b mappedMem=0b (storeSize=38b)
2014-11-14 09:11:40.624+0000 INFO  [o.n.k.i.n.s.StoreFactory]: [/home/avoss/dev/v2_neo4j_cartridge/usr/lib/neo4j-community-2.1.5/data/graph.db/neostore.relationshiptypestore.db] brickCount=0 brickSize=0b mappedMem=0b (storeSize=0b)
2014-11-14 09:11:40.624+0000 INFO  [o.n.k.i.n.s.StoreFactory]: [/home/avoss/dev/v2_neo4j_cartridge/usr/lib/neo4j-community-2.1.5/data/graph.db/neostore.labeltokenstore.db.names] brickCount=0 brickSize=0b mappedMem=0b (storeSize=38b)
2014-11-14 09:11:40.624+0000 INFO  [o.n.k.i.n.s.StoreFactory]: [/home/avoss/dev/v2_neo4j_cartridge/usr/lib/neo4j-community-2.1.5/data/graph.db/neostore.labeltokenstore.db] brickCount=0 brickSize=0b mappedMem=0b (storeSize=0b)
2014-11-14 09:11:40.624+0000 INFO  [o.n.k.i.n.s.StoreFactory]: [/home/avoss/dev/v2_neo4j_cartridge/usr/lib/neo4j-community-2.1.5/data/graph.db/neostore.propertystore.db.strings] brickCount=0 brickSize=108928b mappedMem=109051904b (storeSize=128b)
2014-11-14 09:11:40.625+0000 INFO  [o.n.k.i.n.s.StoreFactory]: [/home/avoss/dev/v2_neo4j_cartridge/usr/lib/neo4j-community-2.1.5/data/graph.db/neostore.propertystore.db.index.keys] brickCount=0 brickSize=0b mappedMem=0b (storeSize=38b)
2014-11-14 09:11:40.626+0000 INFO  [o.n.k.i.n.s.StoreFactory]: [/home/avoss/dev/v2_neo4j_cartridge/usr/lib/neo4j-community-2.1.5/data/graph.db/neostore.propertystore.db.index] brickCount=0 brickSize=0b mappedMem=0b (storeSize=0b)
2014-11-14 09:11:40.626+0000 INFO  [o.n.k.i.n.s.StoreFactory]: [/home/avoss/dev/v2_neo4j_cartridge/usr/lib/neo4j-community-2.1.5/data/graph.db/neostore.propertystore.db.arrays] brickCount=0 brickSize=124672b mappedMem=124780544b (storeSize=128b)
2014-11-14 09:11:40.626+0000 INFO  [o.n.k.i.n.s.StoreFactory]: [/home/avoss/dev/v2_neo4j_cartridge/usr/lib/neo4j-community-2.1.5/data/graph.db/neostore.propertystore.db] brickCount=0 brickSize=1289737b mappedMem=128974848b (storeSize=0b)
2014-11-14 09:11:40.627+0000 INFO  [o.n.k.i.n.s.StoreFactory]: [/home/avoss/dev/v2_neo4j_cartridge/usr/lib/neo4j-community-2.1.5/data/graph.db/neostore.relationshipstore.db] brickCount=0 brickSize=1583346b mappedMem=158334976b (storeSize=0b)
2014-11-14 09:11:40.627+0000 INFO  [o.n.k.i.n.s.StoreFactory]: [/home/avoss/dev/v2_neo4j_cartridge/usr/lib/neo4j-community-2.1.5/data/graph.db/neostore.nodestore.db.labels] brickCount=0 brickSize=0b mappedMem=0b (storeSize=68b)
2014-11-14 09:11:40.628+0000 INFO  [o.n.k.i.n.s.StoreFactory]: [/home/avoss/dev/v2_neo4j_cartridge/usr/lib/neo4j-community-2.1.5/data/graph.db/neostore.nodestore.db] brickCount=0 brickSize=356505b mappedMem=35651584b (storeSize=0b)
2014-11-14 09:11:40.628+0000 INFO  [o.n.k.i.n.s.StoreFactory]: [/home/avoss/dev/v2_neo4j_cartridge/usr/lib/neo4j-community-2.1.5/data/graph.db/neostore.schemastore.db] brickCount=0 brickSize=0b mappedMem=0b (storeSize=64b)
2014-11-14 09:11:40.628+0000 INFO  [o.n.k.i.n.s.StoreFactory]: [/home/avoss/dev/v2_neo4j_cartridge/usr/lib/neo4j-community-2.1.5/data/graph.db/neostore.relationshipgroupstore.db] brickCount=0 brickSize=0b mappedMem=0b (storeSize=25b)
2014-11-14 09:11:40.629+0000 INFO  [o.n.k.i.n.s.StoreFactory]: [/home/avoss/dev/v2_neo4j_cartridge/usr/lib/neo4j-community-2.1.5/data/graph.db/neostore] brickCount=0 brickSize=0b mappedMem=0b (storeSize=81b)
2014-11-14 09:11:40.699+0000 INFO  [o.n.k.a.i.i.LuceneLabelScanStore]: No lucene scan store index found, this might just be first use. Preparing to rebuild.
2014-11-14 09:11:40.726+0000 INFO  [o.n.k.a.i.i.LuceneLabelScanStore]: No lucene scan store index found, this might just be first use. Preparing to rebuild.
2014-11-14 09:11:40.805+0000 INFO  [o.n.k.i.t.x.XaLogicalLog]: Opened logical log [/home/avoss/dev/v2_neo4j_cartridge/usr/lib/neo4j-community-2.1.5/data/graph.db/nioneo_logical.log.1] version=0, lastTxId=1 (clean)
2014-11-14 09:11:40.809+0000 INFO  [o.n.k.a.i.i.LuceneLabelScanStore]: Rebuilding lucene scan store, this may take a while
2014-11-14 09:11:40.810+0000 INFO  [o.n.k.a.i.i.LuceneLabelScanStore]: Lucene scan store rebuilt (roughly -1 nodes)
2014-11-14 09:11:40.813+0000 INFO  [o.n.k.i.t.TxManager]: TM new log: tm_tx_log.1
2014-11-14 09:11:40.821+0000 INFO  [o.n.k.i.t.KernelHealth]: Kernel health set to OK
2014-11-14 09:11:40.969+0000 INFO  [o.n.k.i.t.x.XaLogicalLog]: Opened logical log [/home/avoss/dev/v2_neo4j_cartridge/usr/lib/neo4j-community-2.1.5/data/graph.db/index/lucene.log.1] version=0, lastTxId=1 (clean)
2014-11-14 09:11:40.976+0000 INFO  [o.n.k.i.DiagnosticsManager]: --- STARTED diagnostics for KernelDiagnostics:Versions START ---
2014-11-14 09:11:40.976+0000 INFO  [o.n.k.i.DiagnosticsManager]: Graph Database: org.neo4j.kernel.EmbeddedGraphDatabase StoreId{creationTime=1415956300371, randomId=3996202743272668949, storeVersion=14406081294923270, upgradeTime=1415956300371, upgradeId=3996202743272668949}
2014-11-14 09:11:40.976+0000 INFO  [o.n.k.i.DiagnosticsManager]: Kernel version: Neo4j - Graph Database Kernel (neo4j-kernel), version: 2.1.5
2014-11-14 09:11:40.976+0000 INFO  [o.n.k.i.DiagnosticsManager]: Neo4j component versions:
2014-11-14 09:11:40.982+0000 INFO  [o.n.k.i.DiagnosticsManager]:   Neo4j - Lucene Index (neo4j-lucene-index), version: 2.1.5; revision: 2.1.5:2.1-maint:529/45c3cc04946c2b0e243e48c8252e40cb85931744
2014-11-14 09:11:40.982+0000 INFO  [o.n.k.i.DiagnosticsManager]:   Neo4j - JMX support (neo4j-jmx), version: 2.1.5; revision: 2.1.5:2.1-maint:529/45c3cc04946c2b0e243e48c8252e40cb85931744
2014-11-14 09:11:40.982+0000 INFO  [o.n.k.i.DiagnosticsManager]:   Neo4j - Graph Matching (neo4j-graph-matching), version: 2.1.5; revision: 2.1.5:2.1-maint:529/45c3cc04946c2b0e243e48c8252e40cb85931744
2014-11-14 09:11:40.982+0000 INFO  [o.n.k.i.DiagnosticsManager]:   Neo4j Server API (server-api), version: 2.1.5; revision: 2.1.5:2.1-maint:529/45c3cc04946c2b0e243e48c8252e40cb85931744
2014-11-14 09:11:40.982+0000 INFO  [o.n.k.i.DiagnosticsManager]:   Neo4j - Graph Database Kernel (neo4j-kernel), version: 2.1.5; revision: 2.1.5:2.1-maint:529/45c3cc04946c2b0e243e48c8252e40cb85931744
2014-11-14 09:11:40.982+0000 INFO  [o.n.k.i.DiagnosticsManager]:   Neo4j - Cypher (neo4j-cypher), version: 2.1.5; revision: 2.1.5:2.1-maint:529/45c3cc04946c2b0e243e48c8252e40cb85931744
2014-11-14 09:11:40.982+0000 INFO  [o.n.k.i.DiagnosticsManager]:   Neo4j Server (neo4j-server), version: 2.1.5; revision: 2.1.5:2.1-maint:529/45c3cc04946c2b0e243e48c8252e40cb85931744
2014-11-14 09:11:40.982+0000 INFO  [o.n.k.i.DiagnosticsManager]:   Neo4j - Graph Algorithms (neo4j-graph-algo), version: 2.1.5; revision: 2.1.5:2.1-maint:529/45c3cc04946c2b0e243e48c8252e40cb85931744
2014-11-14 09:11:40.982+0000 INFO  [o.n.k.i.DiagnosticsManager]:   Neo4j - Cypher Compiler 2.0 (neo4j-cypher-compiler-2.0), version: 2.0.3; revision: 2.0.3:2.0-maint:72/307c563c11b75fdc71cfa6df05daf9b08d6c37dc
2014-11-14 09:11:40.982+0000 INFO  [o.n.k.i.DiagnosticsManager]:   Neo4j - Generic shell (neo4j-shell), version: 2.1.5; revision: 2.1.5:2.1-maint:529/45c3cc04946c2b0e243e48c8252e40cb85931744
2014-11-14 09:11:40.982+0000 INFO  [o.n.k.i.DiagnosticsManager]:   Neo4j - Cypher Compiler 1.9 (neo4j-cypher-compiler-1.9), version: 2.0.3; revision: 2.0.3:2.0-maint:72/307c563c11b75fdc71cfa6df05daf9b08d6c37dc
2014-11-14 09:11:40.982+0000 INFO  [o.n.k.i.DiagnosticsManager]:   neo4j-udc, version: 2.1.5; revision: 2.1.5:2.1-maint:529/45c3cc04946c2b0e243e48c8252e40cb85931744
2014-11-14 09:11:40.983+0000 INFO  [o.n.k.i.DiagnosticsManager]:   Neo4j - Cypher Commons (neo4j-cypher-commons), version: 2.1.5; revision: 2.1.5:2.1-maint:529/45c3cc04946c2b0e243e48c8252e40cb85931744
2014-11-14 09:11:40.983+0000 INFO  [o.n.k.i.DiagnosticsManager]: --- STARTED diagnostics for KernelDiagnostics:Versions END ---
2014-11-14 09:11:40.987+0000 INFO  [o.n.k.i.DiagnosticsManager]: --- STARTED diagnostics for NEO_STORE_VERSIONS START ---
2014-11-14 09:11:40.988+0000 INFO  [o.n.k.i.DiagnosticsManager]: Store versions:
2014-11-14 09:11:40.988+0000 INFO  [o.n.k.i.DiagnosticsManager]: Store versions:
2014-11-14 09:11:40.988+0000 INFO  [o.n.k.i.DiagnosticsManager]:   NeoStore v0.A.3
2014-11-14 09:11:40.988+0000 INFO  [o.n.k.i.DiagnosticsManager]:   SchemaStore v0.A.3
2014-11-14 09:11:40.988+0000 INFO  [o.n.k.i.DiagnosticsManager]:   NodeStore v0.A.3
2014-11-14 09:11:40.988+0000 INFO  [o.n.k.i.DiagnosticsManager]:   RelationshipStore v0.A.3
2014-11-14 09:11:40.988+0000 INFO  [o.n.k.i.DiagnosticsManager]:   RelationshipTypeStore v0.A.3
2014-11-14 09:11:40.988+0000 INFO  [o.n.k.i.DiagnosticsManager]:   LabelTokenStore v0.A.3
2014-11-14 09:11:40.988+0000 INFO  [o.n.k.i.DiagnosticsManager]:   PropertyStore v0.A.3
2014-11-14 09:11:40.988+0000 INFO  [o.n.k.i.DiagnosticsManager]:   PropertyIndexStore v0.A.3
2014-11-14 09:11:40.988+0000 INFO  [o.n.k.i.DiagnosticsManager]:   StringPropertyStore v0.A.3
2014-11-14 09:11:40.988+0000 INFO  [o.n.k.i.DiagnosticsManager]:   ArrayPropertyStore v0.A.3
2014-11-14 09:11:40.988+0000 INFO  [o.n.k.i.DiagnosticsManager]:   RelationshipGroupStore v0.A.3
2014-11-14 09:11:40.988+0000 INFO  [o.n.k.i.DiagnosticsManager]: --- STARTED diagnostics for NEO_STORE_VERSIONS END ---
2014-11-14 09:11:40.988+0000 INFO  [o.n.k.i.DiagnosticsManager]: --- STARTED diagnostics for NEO_STORE_ID_USAGE START ---
2014-11-14 09:11:40.988+0000 INFO  [o.n.k.i.DiagnosticsManager]: Id usage:
2014-11-14 09:11:40.988+0000 INFO  [o.n.k.i.DiagnosticsManager]: Id usage:
2014-11-14 09:11:40.988+0000 INFO  [o.n.k.i.DiagnosticsManager]:   SchemaStore: used=1 high=0
2014-11-14 09:11:40.989+0000 INFO  [o.n.k.i.DiagnosticsManager]:   NodeStore: used=0 high=-1
2014-11-14 09:11:40.989+0000 INFO  [o.n.k.i.DiagnosticsManager]:   RelationshipStore: used=0 high=-1
2014-11-14 09:11:40.989+0000 INFO  [o.n.k.i.DiagnosticsManager]:   RelationshipTypeStore: used=0 high=-1
2014-11-14 09:11:40.989+0000 INFO  [o.n.k.i.DiagnosticsManager]:   LabelTokenStore: used=0 high=-1
2014-11-14 09:11:40.989+0000 INFO  [o.n.k.i.DiagnosticsManager]:   PropertyStore: used=0 high=-1
2014-11-14 09:11:40.989+0000 INFO  [o.n.k.i.DiagnosticsManager]:   PropertyIndexStore: used=0 high=-1
2014-11-14 09:11:40.989+0000 INFO  [o.n.k.i.DiagnosticsManager]:   StringPropertyStore: used=1 high=0
2014-11-14 09:11:40.989+0000 INFO  [o.n.k.i.DiagnosticsManager]:   ArrayPropertyStore: used=1 high=0
2014-11-14 09:11:40.989+0000 INFO  [o.n.k.i.DiagnosticsManager]:   RelationshipGroupStore: used=1 high=0
2014-11-14 09:11:40.989+0000 INFO  [o.n.k.i.DiagnosticsManager]: --- STARTED diagnostics for NEO_STORE_ID_USAGE END ---
2014-11-14 09:11:40.989+0000 INFO  [o.n.k.i.DiagnosticsManager]: --- STARTED diagnostics for PERSISTENCE_WINDOW_POOL_STATS START ---
2014-11-14 09:11:40.990+0000 INFO  [o.n.k.i.DiagnosticsManager]: --- STARTED diagnostics for PERSISTENCE_WINDOW_POOL_STATS END ---
2014-11-14 09:11:40.990+0000 INFO  [o.n.k.i.DiagnosticsManager]: --- STARTED diagnostics for KernelDiagnostics:StoreFiles START ---
2014-11-14 09:11:40.990+0000 INFO  [o.n.k.i.DiagnosticsManager]: Disk space on partition (Total / Free / Free %): 11125391360 / 2190524416 / 19
Storage files: (filename : modification date - size)
2014-11-14 09:11:40.991+0000 INFO  [o.n.k.i.DiagnosticsManager]:   active_tx_log: 2014-11-14T01:11:40-0800 - 11.00 B
2014-11-14 09:11:40.991+0000 INFO  [o.n.k.i.DiagnosticsManager]:   index:
2014-11-14 09:11:40.992+0000 INFO  [o.n.k.i.DiagnosticsManager]:     lucene-store.db: 2014-11-14T01:11:40-0800 - 40.00 B
2014-11-14 09:11:40.992+0000 INFO  [o.n.k.i.DiagnosticsManager]:     lucene.log.1: 2014-11-14T01:11:40-0800 - 16.00 B
2014-11-14 09:11:40.992+0000 INFO  [o.n.k.i.DiagnosticsManager]:     lucene.log.active: 2014-11-14T01:11:40-0800 - 4.00 B
2014-11-14 09:11:40.992+0000 INFO  [o.n.k.i.DiagnosticsManager]:   - Total: 2014-11-14T01:11:40-0800 - 60.00 B
2014-11-14 09:11:40.992+0000 INFO  [o.n.k.i.DiagnosticsManager]:   lock: 2014-11-14T01:11:40-0800 - 0.00 B
2014-11-14 09:11:40.993+0000 INFO  [o.n.k.i.DiagnosticsManager]:   messages.log: 2014-11-14T01:11:40-0800 - 45.18 kB
2014-11-14 09:11:40.993+0000 INFO  [o.n.k.i.DiagnosticsManager]:   neostore: 2014-11-14T01:11:40-0800 - 81.00 B
2014-11-14 09:11:40.994+0000 INFO  [o.n.k.i.DiagnosticsManager]:   neostore.id: 2014-11-14T01:11:40-0800 - 9.00 B
2014-11-14 09:11:40.994+0000 INFO  [o.n.k.i.DiagnosticsManager]:   neostore.labeltokenstore.db: 2014-11-14T01:11:40-0800 - 0.00 B
2014-11-14 09:11:40.994+0000 INFO  [o.n.k.i.DiagnosticsManager]:   neostore.labeltokenstore.db.id: 2014-11-14T01:11:40-0800 - 9.00 B
2014-11-14 09:11:40.994+0000 INFO  [o.n.k.i.DiagnosticsManager]:   neostore.labeltokenstore.db.names: 2014-11-14T01:11:40-0800 - 38.00 B
2014-11-14 09:11:40.994+0000 INFO  [o.n.k.i.DiagnosticsManager]:   neostore.labeltokenstore.db.names.id: 2014-11-14T01:11:40-0800 - 9.00 B
2014-11-14 09:11:40.994+0000 INFO  [o.n.k.i.DiagnosticsManager]:   neostore.nodestore.db: 2014-11-14T01:11:40-0800 - 0.00 B
2014-11-14 09:11:40.995+0000 INFO  [o.n.k.i.DiagnosticsManager]:   neostore.nodestore.db.id: 2014-11-14T01:11:40-0800 - 9.00 B
2014-11-14 09:11:40.995+0000 INFO  [o.n.k.i.DiagnosticsManager]:   neostore.nodestore.db.labels: 2014-11-14T01:11:40-0800 - 68.00 B
2014-11-14 09:11:40.995+0000 INFO  [o.n.k.i.DiagnosticsManager]:   neostore.nodestore.db.labels.id: 2014-11-14T01:11:40-0800 - 9.00 B
2014-11-14 09:11:40.995+0000 INFO  [o.n.k.i.DiagnosticsManager]:   neostore.propertystore.db: 2014-11-14T01:11:40-0800 - 0.00 B
2014-11-14 09:11:40.996+0000 INFO  [o.n.k.i.DiagnosticsManager]:   neostore.propertystore.db.arrays: 2014-11-14T01:11:40-0800 - 128.00 B
2014-11-14 09:11:40.996+0000 INFO  [o.n.k.i.DiagnosticsManager]:   neostore.propertystore.db.arrays.id: 2014-11-14T01:11:40-0800 - 9.00 B
2014-11-14 09:11:40.996+0000 INFO  [o.n.k.i.DiagnosticsManager]:   neostore.propertystore.db.id: 2014-11-14T01:11:40-0800 - 9.00 B
2014-11-14 09:11:40.996+0000 INFO  [o.n.k.i.DiagnosticsManager]:   neostore.propertystore.db.index: 2014-11-14T01:11:40-0800 - 0.00 B
2014-11-14 09:11:40.996+0000 INFO  [o.n.k.i.DiagnosticsManager]:   neostore.propertystore.db.index.id: 2014-11-14T01:11:40-0800 - 9.00 B
2014-11-14 09:11:40.997+0000 INFO  [o.n.k.i.DiagnosticsManager]:   neostore.propertystore.db.index.keys: 2014-11-14T01:11:40-0800 - 38.00 B
2014-11-14 09:11:40.997+0000 INFO  [o.n.k.i.DiagnosticsManager]:   neostore.propertystore.db.index.keys.id: 2014-11-14T01:11:40-0800 - 9.00 B
2014-11-14 09:11:40.997+0000 INFO  [o.n.k.i.DiagnosticsManager]:   neostore.propertystore.db.strings: 2014-11-14T01:11:40-0800 - 128.00 B
2014-11-14 09:11:40.997+0000 INFO  [o.n.k.i.DiagnosticsManager]:   neostore.propertystore.db.strings.id: 2014-11-14T01:11:40-0800 - 9.00 B
2014-11-14 09:11:40.997+0000 INFO  [o.n.k.i.DiagnosticsManager]:   neostore.relationshipgroupstore.db: 2014-11-14T01:11:40-0800 - 25.00 B
2014-11-14 09:11:40.998+0000 INFO  [o.n.k.i.DiagnosticsManager]:   neostore.relationshipgroupstore.db.id: 2014-11-14T01:11:40-0800 - 9.00 B
2014-11-14 09:11:40.998+0000 INFO  [o.n.k.i.DiagnosticsManager]:   neostore.relationshipstore.db: 2014-11-14T01:11:40-0800 - 0.00 B
2014-11-14 09:11:40.998+0000 INFO  [o.n.k.i.DiagnosticsManager]:   neostore.relationshipstore.db.id: 2014-11-14T01:11:40-0800 - 9.00 B
2014-11-14 09:11:41.009+0000 INFO  [o.n.k.i.DiagnosticsManager]:   neostore.relationshiptypestore.db: 2014-11-14T01:11:40-0800 - 0.00 B
2014-11-14 09:11:41.009+0000 INFO  [o.n.k.i.DiagnosticsManager]:   neostore.relationshiptypestore.db.id: 2014-11-14T01:11:40-0800 - 9.00 B
2014-11-14 09:11:41.009+0000 INFO  [o.n.k.i.DiagnosticsManager]:   neostore.relationshiptypestore.db.names: 2014-11-14T01:11:40-0800 - 38.00 B
2014-11-14 09:11:41.010+0000 INFO  [o.n.k.i.DiagnosticsManager]:   neostore.relationshiptypestore.db.names.id: 2014-11-14T01:11:40-0800 - 9.00 B
2014-11-14 09:11:41.010+0000 INFO  [o.n.k.i.DiagnosticsManager]:   neostore.schemastore.db: 2014-11-14T01:11:40-0800 - 64.00 B
2014-11-14 09:11:41.010+0000 INFO  [o.n.k.i.DiagnosticsManager]:   neostore.schemastore.db.id: 2014-11-14T01:11:40-0800 - 9.00 B
2014-11-14 09:11:41.010+0000 INFO  [o.n.k.i.DiagnosticsManager]:   nioneo_logical.log.1: 2014-11-14T01:11:40-0800 - 16.00 B
2014-11-14 09:11:41.010+0000 INFO  [o.n.k.i.DiagnosticsManager]:   nioneo_logical.log.active: 2014-11-14T01:11:40-0800 - 4.00 B
2014-11-14 09:11:41.010+0000 INFO  [o.n.k.i.DiagnosticsManager]:   schema:
2014-11-14 09:11:41.011+0000 INFO  [o.n.k.i.DiagnosticsManager]:     label:
2014-11-14 09:11:41.011+0000 INFO  [o.n.k.i.DiagnosticsManager]:       lucene:
2014-11-14 09:11:41.011+0000 INFO  [o.n.k.i.DiagnosticsManager]:         write.lock: 2014-11-14T01:11:40-0800 - 0.00 B
2014-11-14 09:11:41.011+0000 INFO  [o.n.k.i.DiagnosticsManager]:       - Total: 2014-11-14T01:11:40-0800 - 0.00 B
2014-11-14 09:11:41.011+0000 INFO  [o.n.k.i.DiagnosticsManager]:     - Total: 2014-11-14T01:11:40-0800 - 0.00 B
2014-11-14 09:11:41.011+0000 INFO  [o.n.k.i.DiagnosticsManager]:   - Total: 2014-11-14T01:11:40-0800 - 0.00 B
2014-11-14 09:11:41.011+0000 INFO  [o.n.k.i.DiagnosticsManager]:   store_lock: 2014-11-14T01:11:40-0800 - 0.00 B
2014-11-14 09:11:41.012+0000 INFO  [o.n.k.i.DiagnosticsManager]:   tm_tx_log.1: 2014-11-14T01:11:40-0800 - 0.00 B
2014-11-14 09:11:41.012+0000 INFO  [o.n.k.i.DiagnosticsManager]: --- STARTED diagnostics for KernelDiagnostics:StoreFiles END ---
2014-11-14 09:11:41.173+0000 INFO  [o.n.k.EmbeddedGraphDatabase]: Database is now ready
2014-11-14 09:11:41.679+0000 INFO  [o.n.s.d.LifecycleManagingDatabase]: Successfully started database
2014-11-14 09:11:41.679+0000 INFO  [o.n.k.i.DiagnosticsManager]: --- SERVER STARTED START ---
2014-11-14 09:11:41.810+0000 INFO  [o.n.s.CommunityNeoServer]: Starting HTTP on port :7474 with 10 threads available
2014-11-14 09:11:42.010+0000 INFO  [o.n.s.CommunityNeoServer]: Enabling HTTPS on port :7473
2014-11-14 09:11:42.011+0000 INFO  [o.n.s.CommunityNeoServer]: No SSL certificate found, generating a self-signed certificate..
2014-11-14 09:11:42.434+0000 INFO  [o.n.k.i.DiagnosticsManager]: --- STARTED diagnostics for org.neo4j.server.configuration.Configurator START ---
2014-11-14 09:11:42.436+0000 INFO  [o.n.k.i.DiagnosticsManager]: Server configuration:
2014-11-14 09:11:42.437+0000 INFO  [o.n.k.i.DiagnosticsManager]: org.neo4j.server.database.location = data/graph.db
2014-11-14 09:11:42.437+0000 INFO  [o.n.k.i.DiagnosticsManager]: org.neo4j.server.webserver.port = 7474
2014-11-14 09:11:42.437+0000 INFO  [o.n.k.i.DiagnosticsManager]: org.neo4j.server.webserver.https.enabled = true
2014-11-14 09:11:42.437+0000 INFO  [o.n.k.i.DiagnosticsManager]: org.neo4j.server.webserver.https.port = 7473
2014-11-14 09:11:42.437+0000 INFO  [o.n.k.i.DiagnosticsManager]: org.neo4j.server.webserver.https.cert.location = conf/ssl/snakeoil.cert
2014-11-14 09:11:42.437+0000 INFO  [o.n.k.i.DiagnosticsManager]: org.neo4j.server.webserver.https.key.location = conf/ssl/snakeoil.key
2014-11-14 09:11:42.437+0000 INFO  [o.n.k.i.DiagnosticsManager]: org.neo4j.server.webserver.https.keystore.location = data/keystore
2014-11-14 09:11:42.437+0000 INFO  [o.n.k.i.DiagnosticsManager]: org.neo4j.server.webadmin.rrdb.location = data/rrd
2014-11-14 09:11:42.437+0000 INFO  [o.n.k.i.DiagnosticsManager]: org.neo4j.server.db.tuning.properties = conf/neo4j.properties
2014-11-14 09:11:42.437+0000 INFO  [o.n.k.i.DiagnosticsManager]: org.neo4j.server.manage.console_engines = shell
2014-11-14 09:11:42.437+0000 INFO  [o.n.k.i.DiagnosticsManager]: org.neo4j.server.http.log.enabled = false
2014-11-14 09:11:42.437+0000 INFO  [o.n.k.i.DiagnosticsManager]: org.neo4j.server.http.log.config = conf/neo4j-http-logging.xml
2014-11-14 09:11:42.437+0000 INFO  [o.n.k.i.DiagnosticsManager]: org.neo4j.server.webadmin.management.uri = /db/manage/
2014-11-14 09:11:42.437+0000 INFO  [o.n.k.i.DiagnosticsManager]: org.neo4j.server.webadmin.data.uri = /db/data/
2014-11-14 09:11:42.437+0000 INFO  [o.n.k.i.DiagnosticsManager]: --- STARTED diagnostics for org.neo4j.server.configuration.Configurator END ---
2014-11-14 09:11:42.441+0000 INFO  [o.n.s.m.DiscoveryModule]: Mounted discovery module at [/]
2014-11-14 09:11:42.471+0000 INFO  [o.n.s.m.RESTApiModule]: Mounted REST API at [/db/data/]
2014-11-14 09:11:42.474+0000 INFO  [o.n.s.m.ManagementApiModule]: Mounted management API at [/db/manage/]
2014-11-14 09:11:42.474+0000 INFO  [o.n.s.m.WebAdminModule]: Mounted webadmin at [/webadmin]
2014-11-14 09:11:42.474+0000 INFO  [o.n.s.m.Neo4jBrowserModule]: Mounted Neo4j Browser at [/browser]
2014-11-14 09:11:42.583+0000 INFO  [o.n.s.w.Jetty9WebServer]: Mounting static content at [/webadmin] from [webadmin-html]
2014-11-14 09:11:42.646+0000 INFO  [o.n.s.w.Jetty9WebServer]: Mounting static content at [/browser] from [browser]
2014-11-14 09:11:44.314+0000 INFO  [o.n.s.CommunityNeoServer]: Server started on: http://localhost:7474/
2014-11-14 09:11:44.314+0000 INFO  [o.n.s.CommunityNeoServer]: Remote interface ready and available at [http://localhost:7474/]
2014-11-14 09:11:44.314+0000 INFO  [o.n.k.i.DiagnosticsManager]: --- SERVER STARTED END ---
2014-11-14 09:11:48.835+0000 INFO  [o.n.s.CommunityBootstrapper]: Neo4j Server shutdown initiated by request
2014-11-14 09:11:48.859+0000 INFO  [o.n.s.CommunityNeoServer]: Successfully shutdown Neo4j Server.
2014-11-14 09:11:48.860+0000 INFO  [o.n.k.EmbeddedGraphDatabase]: Shutdown started
2014-11-14 09:11:48.860+0000 INFO  [o.n.k.EmbeddedGraphDatabase]: Database is now unavailable
2014-11-14 09:11:48.914+0000 INFO  [o.n.k.i.t.x.XaLogicalLog]: Closed log /home/avoss/dev/v2_neo4j_cartridge/usr/lib/neo4j-community-2.1.5/data/graph.db/index/lucene.log
2014-11-14 09:11:48.923+0000 INFO  [o.n.k.i.t.TxManager]: TM shutting down
2014-11-14 09:11:48.938+0000 INFO  [o.n.k.i.t.x.XaLogicalLog]: Closed log /home/avoss/dev/v2_neo4j_cartridge/usr/lib/neo4j-community-2.1.5/data/graph.db/nioneo_logical.log
2014-11-14 09:11:48.943+0000 INFO  [o.n.k.i.n.s.StoreFactory]: /home/avoss/dev/v2_neo4j_cartridge/usr/lib/neo4j-community-2.1.5/data/graph.db/neostore.relationshiptypestore.db.names hit=0 miss=0 switches=0 ooe=0
2014-11-14 09:11:48.946+0000 INFO  [o.n.k.i.n.s.StoreFactory]: /home/avoss/dev/v2_neo4j_cartridge/usr/lib/neo4j-community-2.1.5/data/graph.db/neostore.relationshiptypestore.db hit=0 miss=0 switches=0 ooe=0
2014-11-14 09:11:48.948+0000 INFO  [o.n.k.i.n.s.StoreFactory]: /home/avoss/dev/v2_neo4j_cartridge/usr/lib/neo4j-community-2.1.5/data/graph.db/neostore.labeltokenstore.db.names hit=0 miss=0 switches=0 ooe=0
2014-11-14 09:11:48.951+0000 INFO  [o.n.k.i.n.s.StoreFactory]: /home/avoss/dev/v2_neo4j_cartridge/usr/lib/neo4j-community-2.1.5/data/graph.db/neostore.labeltokenstore.db hit=0 miss=0 switches=0 ooe=0
2014-11-14 09:11:48.953+0000 INFO  [o.n.k.i.n.s.StoreFactory]: /home/avoss/dev/v2_neo4j_cartridge/usr/lib/neo4j-community-2.1.5/data/graph.db/neostore.propertystore.db.strings hit=0 miss=0 switches=0 ooe=0
2014-11-14 09:11:48.955+0000 INFO  [o.n.k.i.n.s.StoreFactory]: /home/avoss/dev/v2_neo4j_cartridge/usr/lib/neo4j-community-2.1.5/data/graph.db/neostore.propertystore.db.index.keys hit=0 miss=0 switches=0 ooe=0
2014-11-14 09:11:48.957+0000 INFO  [o.n.k.i.n.s.StoreFactory]: /home/avoss/dev/v2_neo4j_cartridge/usr/lib/neo4j-community-2.1.5/data/graph.db/neostore.propertystore.db.index hit=0 miss=0 switches=0 ooe=0
2014-11-14 09:11:48.960+0000 INFO  [o.n.k.i.n.s.StoreFactory]: /home/avoss/dev/v2_neo4j_cartridge/usr/lib/neo4j-community-2.1.5/data/graph.db/neostore.propertystore.db.arrays hit=0 miss=0 switches=0 ooe=0
2014-11-14 09:11:48.963+0000 INFO  [o.n.k.i.n.s.StoreFactory]: /home/avoss/dev/v2_neo4j_cartridge/usr/lib/neo4j-community-2.1.5/data/graph.db/neostore.propertystore.db hit=0 miss=0 switches=0 ooe=0
2014-11-14 09:11:48.965+0000 INFO  [o.n.k.i.n.s.StoreFactory]: /home/avoss/dev/v2_neo4j_cartridge/usr/lib/neo4j-community-2.1.5/data/graph.db/neostore.relationshipstore.db hit=0 miss=0 switches=0 ooe=0
2014-11-14 09:11:48.968+0000 INFO  [o.n.k.i.n.s.StoreFactory]: /home/avoss/dev/v2_neo4j_cartridge/usr/lib/neo4j-community-2.1.5/data/graph.db/neostore.nodestore.db.labels hit=0 miss=0 switches=0 ooe=0
2014-11-14 09:11:48.969+0000 INFO  [o.n.k.i.n.s.StoreFactory]: /home/avoss/dev/v2_neo4j_cartridge/usr/lib/neo4j-community-2.1.5/data/graph.db/neostore.nodestore.db hit=0 miss=0 switches=0 ooe=0
2014-11-14 09:11:48.972+0000 INFO  [o.n.k.i.n.s.StoreFactory]: /home/avoss/dev/v2_neo4j_cartridge/usr/lib/neo4j-community-2.1.5/data/graph.db/neostore.schemastore.db hit=0 miss=0 switches=0 ooe=0
2014-11-14 09:11:48.974+0000 INFO  [o.n.k.i.n.s.StoreFactory]: /home/avoss/dev/v2_neo4j_cartridge/usr/lib/neo4j-community-2.1.5/data/graph.db/neostore.relationshipgroupstore.db hit=0 miss=0 switches=0 ooe=0
2014-11-14 09:11:48.976+0000 INFO  [o.n.k.i.n.s.StoreFactory]: /home/avoss/dev/v2_neo4j_cartridge/usr/lib/neo4j-community-2.1.5/data/graph.db/neostore hit=0 miss=20 switches=0 ooe=0
2014-11-14 09:11:48.979+0000 INFO  [o.n.k.i.n.x.NeoStoreXaDataSource]: NeoStore closed
2014-11-14 09:11:48.979+0000 INFO  [o.n.k.i.DiagnosticsManager]: --- STOPPING diagnostics START ---
2014-11-14 09:11:48.979+0000 INFO  [o.n.k.i.DiagnosticsManager]: --- STOPPING diagnostics END ---
2014-11-14 09:11:48.981+0000 INFO  [o.n.s.d.LifecycleManagingDatabase]: Successfully stopped database
2014-11-14 09:11:48.981+0000 INFO  [o.n.s.CommunityNeoServer]: Successfully shutdown database.
